
Log started (V12.6.0.0) Sun Jul 09 14:05:06 2017

File '"test.lp"' not found.
No file read.

Problem 'test.lp' read.
Read time = 1.34 sec. (55.45 ticks)
Tried aggregator 2 times.
MIP Presolve eliminated 471 rows and 1728 columns.
MIP Presolve modified 56490 coefficients.
Aggregator did 90 substitutions.
Reduced MIP has 471567 rows, 11106 columns, and 1847433 nonzeros.
Reduced MIP has 5760 binaries, 0 generals, 0 SOSs, and 0 indicators.
Presolve time = 8.66 sec. (3573.93 ticks)
Probing fixed 933 vars, tightened 849 bounds.
Probing time = 15.63 sec. (3087.48 ticks)
Tried aggregator 2 times.
MIP Presolve eliminated 65937 rows and 1849 columns.
MIP Presolve modified 222892 coefficients.
Aggregator did 3 substitutions.
Reduced MIP has 405627 rows, 9254 columns, and 1524469 nonzeros.
Reduced MIP has 4786 binaries, 0 generals, 0 SOSs, and 0 indicators.
Presolve time = 8.36 sec. (1760.50 ticks)
Probing fixed 928 vars, tightened 843 bounds.
Probing time = 19.17 sec. (3547.80 ticks)
Tried aggregator 2 times.
MIP Presolve eliminated 102457 rows and 1806 columns.
MIP Presolve modified 186399 coefficients.
Aggregator did 3 substitutions.
Reduced MIP has 303167 rows, 7445 columns, and 1113347 nonzeros.
Reduced MIP has 3825 binaries, 0 generals, 0 SOSs, and 0 indicators.
Presolve time = 6.35 sec. (1333.69 ticks)
Probing fixed 861 vars, tightened 789 bounds.
Probing time = 16.22 sec. (2537.72 ticks)
Clique table members: 508156.
MIP emphasis: balance optimality and feasibility.
MIP search method: dynamic search.
Parallel mode: deterministic, using up to 4 threads.
Root relaxation solution time = 5.01 sec. (779.66 ticks)

        Nodes                                         Cuts/
   Node  Left     Objective  IInf  Best Integer    Best Bound    ItCnt     Gap

*     0+    0                       166748.0000        0.0000      308  100.00%
*     0+    0                       132849.0054        0.0000      308  100.00%
      0     0    68030.2451    28   132849.0054    68030.2451      308   48.79%
*     0+    0                       116931.9378    68030.2451      325   41.82%
      0     0    68154.6405    13   116931.9378       Cuts: 5      325   41.71%
*     0+    0                        68154.6405    68154.6405      325    0.00%
*     0     0      integral     0    68154.6405    68154.6405      325    0.00%
Elapsed time = 97.58 sec. (21049.92 ticks, tree = 0.00 MB, solutions = 4)

Flow cuts applied:  1
Lift and project cuts applied:  1
Gomory fractional cuts applied:  3

Root node processing (before b&c):
  Real time             =   97.64 sec. (21052.00 ticks)
Parallel b&c, 4 threads:
  Real time             =    0.00 sec. (0.00 ticks)
  Sync time (average)   =    0.00 sec.
  Wait time (average)   =    0.00 sec.
                          ------------
Total (root+branch&cut) =   97.64 sec. (21052.00 ticks)

Solution pool: 4 solutions saved.

MIP - Integer optimal solution:  Objective = 6.8154640529e+004
Solution time =   97.64 sec.  Iterations = 325  Nodes = 0
Deterministic time = 21052.04 ticks  (215.61 ticks/sec)


Incumbent solution
Variable Name           Solution Value
X0,2,2                        1.000000
X0,4,14                       1.000000
X1,2,8                        1.000000
X1,4,3                        1.000000
X2,0,2                        1.000000
X2,1,8                        1.000000
X3,5,10                       1.000000
X4,0,14                       1.000000
X4,1,3                        1.000000
X4,5,17                       1.000000
X5,3,10                       1.000000
X5,4,17                       1.000000
y0,2,2,0,1                 5204.000000
y0,2,2,0,2                 1911.000000
y1,4,3,1,5                 1595.000000
y4,1,3,3,1                 5225.000000
y4,1,3,4,1                 2873.000000
y2,1,8,0,1                 5204.000000
y3,5,10,3,5                3443.000000
y5,3,10,5,3                5376.000000
y3,5,10,3,1                5225.000000
y0,4,14,0,4                3989.000000
y4,0,14,4,0                5832.000000
y4,5,17,1,5                1595.000000
y5,4,17,3,1                5225.000000
y4,5,17,4,5                2694.000000
td0,1                    999979.609410
td0,2                    999977.703499
td0,3                         1.000000
td0,4                         1.000000
td0,5                         1.000000
td1,1                    999991.819631
td1,2                         1.000000
td1,3                        13.210221
td1,4                    999988.152307
td1,5                    999984.635497
td2,1                   1000000.671384
td2,2                         6.387706
td2,3                    999983.091206
td2,4                    999993.768456
td2,5                        14.677255
td3,0                    999986.874712
td3,1                         7.175308
td3,2                         1.000000
td3,3                    999977.703499
td3,4                        16.000488
td3,5                         1.000000
td4,0                    999986.874712
td4,2                         2.905911
td4,3                    999979.609410
td4,4                    999990.286661
td4,5                         1.000000
td5,0                    999980.929720
td5,2                         1.000000
td5,3                         1.000000
td5,4                         1.000000
td5,5                         1.000000
td6,0                         4.464046
td6,1                    999995.283678
td6,3                        16.674268
td6,4                    999988.380750
td6,5                    999984.635497
td7,0                    999994.612294
td7,1                         3.792662
td7,3                    999977.703499
td7,4                    999988.380750
td7,5                    999984.635497
td8,0                         1.000000
td8,1                        12.104029
td8,2                         6.387706
td8,3                    999980.929720
td8,4                         1.000000
td8,5                         1.000000
td9,0                    999980.929720
td9,1                         1.000000
td9,2                    999977.703499
td9,4                         1.000000
td9,5                         1.000000
td10,0                   999994.324409
td10,1                   999994.443827
td10,2                   999992.085194
td10,4                  1000000.000000
td10,5                        8.449698
td11,0                   999980.929720
td11,1                   999979.609410
td11,2                   999977.703499
td11,4                   999986.175625
td11,5                   999992.550302
td12,0                  1000000.000000
td12,1                        9.180369
td12,2                  1000003.464046
td12,3                   999987.789779
td12,5                   999995.174498
td13,0                   999988.152307
td13,1                        7.455080
td13,2                   999988.380750
td13,3                   999986.064490
td13,5                   999993.449210
td14,0                       12.847693
td14,1                  1000003.667324
td14,2                       16.073914
td14,3                   999992.777413
td14,5                   999998.722404
td15,0                   999986.874712
td15,1                   999986.994129
td15,2                   999984.635497
td15,3                   999992.550302
td15,4                   999993.449210
td16,0                   999980.929720
td16,1                        1.000000
td16,2                   999977.703499
td16,3                        1.000000
td16,4                   999986.175625
td17,0                  1000000.000000
td17,1                       21.390590
td17,2                  1000003.381238
td17,3                  1000000.000000
td17,4                       16.000488
td17,5                        8.449698
ta0,1                    999978.609410
ta0,2                    999976.703499
ta1,1                    999990.819631
ta1,3                        12.210221
ta1,4                    999987.152307
ta1,5                    999983.635497
ta2,1                    999999.671384
ta2,2                         5.387706
ta2,3                    999982.091206
ta2,4                    999992.768456
ta2,5                        13.677255
ta2,0                        11.775413
ta3,1                        23.825668
ta3,3                    999976.703499
ta3,4                        15.000488
ta3,0                    999985.874712
ta4,2                         1.905911
ta4,3                    999978.609410
ta4,4                    999989.286661
ta4,0                    999985.874712
ta5,0                    999979.929720
ta6,1                    999994.283678
ta6,3                        15.674268
ta6,4                    999987.380750
ta6,5                    999983.635497
ta6,0                         3.464046
ta7,1                         2.792662
ta7,3                    999976.703499
ta7,4                    999987.380750
ta7,5                    999983.635497
ta7,0                    999993.612294
ta8,1                        11.104029
ta8,2                        16.820351
ta8,3                    999979.929720
ta9,2                    999976.703499
ta9,0                    999979.929720
ta10,1                   999993.443827
ta10,2                   999991.085194
ta10,3                       15.899395
ta10,4                   999999.000000
ta10,5                        7.449698
ta10,0                   999993.324409
ta11,1                   999978.609410
ta11,2                   999976.703499
ta11,4                   999985.175625
ta11,5                   999991.550302
ta11,0                   999979.929720
ta12,1                        8.180369
ta12,2                  1000002.464046
ta12,3                   999986.789779
ta12,4                       15.083296
ta12,5                   999994.174498
ta12,0                   999999.000000
ta13,1                        6.455080
ta13,2                   999987.380750
ta13,3                   999985.064490
ta13,5                   999992.449210
ta13,0                   999987.152307
ta14,1                  1000002.667324
ta14,2                       15.073914
ta14,3                   999991.777413
ta14,4                       24.695386
ta14,5                   999997.722404
ta14,0                       11.847693
ta15,1                   999985.994129
ta15,2                   999983.635497
ta15,3                   999991.550302
ta15,4                   999992.449210
ta15,0                   999985.874712
ta16,2                   999976.703499
ta16,4                   999985.175625
ta16,0                   999979.929720
ta17,1                       20.390590
ta17,2                  1000002.381238
ta17,3                   999999.000000
ta17,4                       15.000488
ta17,5                       22.551278
ta17,0                   999999.000000
x0,4,14,0,4                   1.000000
x0,2,2,0,1                    1.000000
x4,0,14,4,0                   1.000000
x0,2,2,0,2                    1.000000
x2,1,8,0,1                    1.000000
x1,4,3,1,5                    1.000000
x4,1,3,3,1                    1.000000
x4,1,3,4,1                    1.000000
x3,5,10,3,5                   1.000000
x5,3,10,5,3                   1.000000
x3,5,10,3,1                   1.000000
x4,5,17,1,5                   1.000000
x5,4,17,3,1                   1.000000
x4,5,17,4,5                   1.000000
All other variables in the range 1-12924 are 0.

Incumbent solution
Variable Name           Solution Value
X0,2,2                        1.000000
X0,4,14                       1.000000
X1,2,8                        1.000000
X1,4,3                        1.000000
X2,0,2                        1.000000
X2,1,8                        1.000000
X3,5,10                       1.000000
X4,0,14                       1.000000
X4,1,3                        1.000000
X4,5,17                       1.000000
X5,3,10                       1.000000
X5,4,17                       1.000000
y0,2,2,0,1                 5204.000000
y0,2,2,0,2                 1911.000000
y1,4,3,1,5                 1595.000000
y4,1,3,3,1                 5225.000000
y4,1,3,4,1                 2873.000000
y2,1,8,0,1                 5204.000000
y3,5,10,3,5                3443.000000
y5,3,10,5,3                5376.000000
y3,5,10,3,1                5225.000000
y0,4,14,0,4                3989.000000
y4,0,14,4,0                5832.000000
y4,5,17,1,5                1595.000000
y5,4,17,3,1                5225.000000
y4,5,17,4,5                2694.000000
td0,1                    999979.609410
td0,2                    999977.703499
td0,3                         1.000000
td0,4                         1.000000
td0,5                         1.000000
td1,1                    999991.819631
td1,2                         1.000000
td1,3                        13.210221
td1,4                    999988.152307
td1,5                    999984.635497
td2,1                   1000000.671384
td2,2                         6.387706
td2,3                    999983.091206
td2,4                    999993.768456
td2,5                        14.677255
td3,0                    999986.874712
td3,1                         7.175308
td3,2                         1.000000
td3,3                    999977.703499
td3,4                        16.000488
td3,5                         1.000000
td4,0                    999986.874712
td4,2                         2.905911
td4,3                    999979.609410
td4,4                    999990.286661
td4,5                         1.000000
td5,0                    999980.929720
td5,2                         1.000000
td5,3                         1.000000
td5,4                         1.000000
td5,5                         1.000000
td6,0                         4.464046
td6,1                    999995.283678
td6,3                        16.674268
td6,4                    999988.380750
td6,5                    999984.635497
td7,0                    999994.612294
td7,1                         3.792662
td7,3                    999977.703499
td7,4                    999988.380750
td7,5                    999984.635497
td8,0                         1.000000
td8,1                        12.104029
td8,2                         6.387706
td8,3                    999980.929720
td8,4                         1.000000
td8,5                         1.000000
td9,0                    999980.929720
td9,1                         1.000000
td9,2                    999977.703499
td9,4                         1.000000
td9,5                         1.000000
td10,0                   999994.324409
td10,1                   999994.443827
td10,2                   999992.085194
td10,4                  1000000.000000
td10,5                        8.449698
td11,0                   999980.929720
td11,1                   999979.609410
td11,2                   999977.703499
td11,4                   999986.175625
td11,5                   999992.550302
td12,0                  1000000.000000
td12,1                        9.180369
td12,2                  1000003.464046
td12,3                   999987.789779
td12,5                   999995.174498
td13,0                   999988.152307
td13,1                        7.455080
td13,2                   999988.380750
td13,3                   999986.064490
td13,5                   999993.449210
td14,0                       12.847693
td14,1                  1000003.667324
td14,2                       16.073914
td14,3                   999992.777413
td14,5                   999998.722404
td15,0                   999986.874712
td15,1                   999986.994129
td15,2                   999984.635497
td15,3                   999992.550302
td15,4                   999993.449210
td16,0                   999980.929720
td16,1                        1.000000
td16,2                   999977.703499
td16,3                        1.000000
td16,4                   999986.175625
td17,0                  1000000.000000
td17,1                       21.390590
td17,2                  1000003.381238
td17,3                  1000000.000000
td17,4                       16.000488
td17,5                        8.449698
ta0,1                    999978.609410
ta0,2                    999976.703499
ta1,1                    999990.819631
ta1,3                        12.210221
ta1,4                    999987.152307
ta1,5                    999983.635497
ta2,1                    999999.671384
ta2,2                         5.387706
ta2,3                    999982.091206
ta2,4                    999992.768456
ta2,5                        13.677255
ta2,0                        11.775413
ta3,1                        23.825668
ta3,3                    999976.703499
ta3,4                        15.000488
ta3,0                    999985.874712
ta4,2                         1.905911
ta4,3                    999978.609410
ta4,4                    999989.286661
ta4,0                    999985.874712
ta5,0                    999979.929720
ta6,1                    999994.283678
ta6,3                        15.674268
ta6,4                    999987.380750
ta6,5                    999983.635497
ta6,0                         3.464046
ta7,1                         2.792662
ta7,3                    999976.703499
ta7,4                    999987.380750
ta7,5                    999983.635497
ta7,0                    999993.612294
ta8,1                        11.104029
ta8,2                        16.820351
ta8,3                    999979.929720
ta9,2                    999976.703499
ta9,0                    999979.929720
ta10,1                   999993.443827
ta10,2                   999991.085194
ta10,3                       15.899395
ta10,4                   999999.000000
ta10,5                        7.449698
ta10,0                   999993.324409
ta11,1                   999978.609410
ta11,2                   999976.703499
ta11,4                   999985.175625
ta11,5                   999991.550302
ta11,0                   999979.929720
ta12,1                        8.180369
ta12,2                  1000002.464046
ta12,3                   999986.789779
ta12,4                       15.083296
ta12,5                   999994.174498
ta12,0                   999999.000000
ta13,1                        6.455080
ta13,2                   999987.380750
ta13,3                   999985.064490
ta13,5                   999992.449210
ta13,0                   999987.152307
ta14,1                  1000002.667324
ta14,2                       15.073914
ta14,3                   999991.777413
ta14,4                       24.695386
ta14,5                   999997.722404
ta14,0                       11.847693
ta15,1                   999985.994129
ta15,2                   999983.635497
ta15,3                   999991.550302
ta15,4                   999992.449210
ta15,0                   999985.874712
ta16,2                   999976.703499
ta16,4                   999985.175625
ta16,0                   999979.929720
ta17,1                       20.390590
ta17,2                  1000002.381238
ta17,3                   999999.000000
ta17,4                       15.000488
ta17,5                       22.551278
ta17,0                   999999.000000
x0,4,14,0,4                   1.000000
x0,2,2,0,1                    1.000000
x4,0,14,4,0                   1.000000
x0,2,2,0,2                    1.000000
x2,1,8,0,1                    1.000000
x1,4,3,1,5                    1.000000
x4,1,3,3,1                    1.000000
x4,1,3,4,1                    1.0