#
# A fatal error has been detected by the Java Runtime Environment:
#
#  EXCEPTION_ACCESS_VIOLATION (0xc0000005) at pc=0x5cb10e83, pid=5604, tid=0x000015b4
#
# JRE version: Java(TM) SE Runtime Environment (8.0_111-b14) (build 1.8.0_111-b14)
# Java VM: Java HotSpot(TM) Client VM (25.111-b14 mixed mode windows-x86 )
# Problematic frame:
# C  [cplex1260remotejni.dll+0x240e83]
#
# Failed to write core dump. Minidumps are not enabled by default on client versions of Windows
#
# If you would like to submit a bug report, please visit:
#   http://bugreport.java.com/bugreport/crash.jsp
# The crash happened outside the Java Virtual Machine in native code.
# See problematic frame for where to report the bug.
#

---------------  T H R E A D  ---------------

Current thread (0x0104c400):  JavaThread "main" [_thread_in_native, id=5556, stack(0x011a0000,0x011f0000)]

siginfo: ExceptionCode=0xc0000005, reading address 0x000000a0

Registers:
EAX=0x00000000, EBX=0x15d12220, ECX=0x000000ac, EDX=0x00000000
ESP=0x011ed570, EBP=0x011ed5a4, ESI=0x00002ad0, EDI=0x00000001
EIP=0x5cb10e83, EFLAGS=0x00010293

Top of Stack: (sp=0x011ed570)
0x011ed570:   176c0030 00075cbc 00000000 00000000
0x011ed580:   00000000 3ff00000 00000000 00000000
0x011ed590:   00000000 15925580 15925580 153c3a40
0x011ed5a0:   15d12220 011ed974 5cb0f919 54de0030
0x011ed5b0:   9999999a 00000000 00000000 00000000
0x011ed5c0:   00000000 5cb0f8be 15925580 ebaca467
0x011ed5d0:   00000245 00000169 001cdcda 23080030
0x011ed5e0:   00000000 318741e0 4164c6a0 00000000 

Instructions: (pc=0x5cb10e83)
0x5cb10e63:   48 0c 8b 04 24 c7 04 b0 02 00 00 00 85 ff 74 3a
0x5cb10e73:   8b 04 24 3b 14 b0 74 32 83 fa 02 74 39 8b 43 24
0x5cb10e83:   8b 90 a0 00 00 00 83 3c b2 01 74 1e 8b 04 24 ff
0x5cb10e93:   75 24 56 53 c7 04 b0 00 00 00 00 e8 fd da f0 ff 


Register to memory mapping:

EAX=0x00000000 is an unknown value
EBX=0x15d12220 is an unknown value
ECX=0x000000ac is an unknown value
EDX=0x00000000 is an unknown value
ESP=0x011ed570 is pointing into the stack for thread: 0x0104c400
EBP=0x011ed5a4 is pointing into the stack for thread: 0x0104c400
ESI=0x00002ad0 is an unknown value
EDI=0x00000001 is an unknown value


Stack: [0x011a0000,0x011f0000],  sp=0x011ed570,  free space=309k
Native frames: (J=compiled Java code, j=interpreted, Vv=VM code, C=native code)
C  [cplex1260remotejni.dll+0x240e83]
C  [cplex1260remotejni.dll+0x23f919]
C  [cplex1260remotejni.dll+0x23c7bb]

Java frames: (J=compiled Java code, j=interpreted, Vv=VM code)
j  ilog.cplex.Cplex.CPXmipopt(JJ)I+0
j  ilog.cplex.CplexI$SolveHandle.start()V+278
j  ilog.cplex.CplexI.solve()V+12
J 178% C1 Model.ModelBuilding()V (2999 bytes) @ 0x0286dcec [0x02869780+0x456c]
j  Model.main([Ljava/lang/String;)V+16
v  ~StubRoutines::call_stub

---------------  P R O C E S S  ---------------

Java Threads: ( => current thread )
  0x14cf5400 JavaThread "Service Thread" daemon [_thread_blocked, id=5872, stack(0x01280000,0x012d0000)]
  0x14cca800 JavaThread "C1 CompilerThread0" daemon [_thread_blocked, id=1148, stack(0x15010000,0x15060000)]
  0x14cc9800 JavaThread "Attach Listener" daemon [_thread_blocked, id=1440, stack(0x151c0000,0x15210000)]
  0x14cc6400 JavaThread "Signal Dispatcher" daemon [_thread_blocked, id=5040, stack(0x14fa0000,0x14ff0000)]
  0x14ca7000 JavaThread "Finalizer" daemon [_thread_blocked, id=5856, stack(0x01220000,0x01270000)]
  0x14c80800 JavaThread "Reference Handler" daemon [_thread_blocked, id=4920, stack(0x00f00000,0x00f50000)]
=>0x0104c400 JavaThread "main" [_thread_in_native, id=5556, stack(0x011a0000,0x011f0000)]

Other Threads:
  0x14c79c00 VMThread [stack: 0x012d0000,0x01320000] [id=5004]
  0x14d4fc00 WatcherThread [stack: 0x152a0000,0x152f0000] [id=5868]

VM state:not at safepoint (normal execution)

VM Mutex/Monitor currently owned by a thread: None

Heap:
 def new generation   total 25920K, used 11638K [0x04800000, 0x06410000, 0x09d50000)
  eden space 23104K,  42% used [0x04800000, 0x0517a548, 0x05e90000)
  from space 2816K,  68% used [0x06150000, 0x06333358, 0x06410000)
  to   space 2816K,   0% used [0x05e90000, 0x05e90000, 0x06150000)
 tenured generation   total 57396K, used 53642K [0x09d50000, 0x0d55d000, 0x14800000)
   the space 57396K,  93% used [0x09d50000, 0x0d1b2a70, 0x0d1b2c00, 0x0d55d000)
 Metaspace       used 3341K, capacity 3408K, committed 3520K, reserved 4480K

Card table byte_map: [0x00300000,0x00390000] byte_map_base: 0x002dc000

Polling page: 0x00120000

CodeCache: size=32768Kb used=1185Kb max_used=1185Kb free=31582Kb
 bounds [0x02760000, 0x02890000, 0x04760000]
 total_blobs=418 nmethods=191 adapters=159
 compilation: enabled

Compilation events (10 events):
Event: 2387.598 Thread 0x14cca800  189             java.io.PrintStream::ensureOpen (18 bytes)
Event: 2387.598 Thread 0x14cca800 nmethod 189 0x02811208 code [0x02811310, 0x0281140c]
Event: 3291.467 Thread 0x14cca800  190             java.nio.charset.CoderResult::isUnderflow (13 bytes)
Event: 3291.467 Thread 0x14cca800 nmethod 190 0x02811048 code [0x02811140, 0x028111d0]
Event: 3613.087 Thread 0x14cca800  191             java.io.BufferedWriter::ensureOpen (18 bytes)
Event: 3613.087 Thread 0x14cca800 nmethod 191 0x02810dc8 code [0x02810ed0, 0x02810fcc]
Event: 3613.087 Thread 0x14cca800  192   !         java.io.PrintStream::write (69 bytes)
Event: 3613.088 Thread 0x14cca800 nmethod 192 0x02810688 code [0x028107d0, 0x02810b30]
Event: 3613.088 Thread 0x14cca800  193   !         java.io.BufferedWriter::write (117 bytes)
Event: 3613.088 Thread 0x14cca800 nmethod 193 0x0280ff48 code [0x02810080, 0x028103b4]

GC Heap History (10 events):
Event: 5.376 GC heap before
{Heap before GC invocations=156 (full 3):
 def new generation   total 25920K, used 25025K [0x04800000, 0x06410000, 0x09d50000)
  eden space 23104K, 100% used [0x04800000, 0x05e90000, 0x05e90000)
  from space 2816K,  68% used [0x05e90000, 0x060704b8, 0x06150000)
  to   space 2816K,   0% used [0x06150000, 0x06150000, 0x06410000)
 tenured generation   total 57396K, used 50443K [0x09d50000, 0x0d55d000, 0x14800000)
   the space 57396K,  87% used [0x09d50000, 0x0ce92d90, 0x0ce92e00, 0x0d55d000)
 Metaspace       used 3289K, capacity 3344K, committed 3392K, reserved 4480K
Event: 5.385 GC heap after
Heap after GC invocations=157 (full 3):
 def new generation   total 25920K, used 1921K [0x04800000, 0x06410000, 0x09d50000)
  eden space 23104K,   0% used [0x04800000, 0x04800000, 0x05e90000)
  from space 2816K,  68% used [0x06150000, 0x063304b8, 0x06410000)
  to   space 2816K,   0% used [0x05e90000, 0x05e90000, 0x06150000)
 tenured generation   total 57396K, used 51083K [0x09d50000, 0x0d55d000, 0x14800000)
   the space 57396K,  89% used [0x09d50000, 0x0cf32cf0, 0x0cf32e00, 0x0d55d000)
 Metaspace       used 3289K, capacity 3344K, committed 3392K, reserved 4480K
}
Event: 5.441 GC heap before
{Heap before GC invocations=157 (full 3):
 def new generation   total 25920K, used 25025K [0x04800000, 0x06410000, 0x09d50000)
  eden space 23104K, 100% used [0x04800000, 0x05e90000, 0x05e90000)
  from space 2816K,  68% used [0x06150000, 0x063304b8, 0x06410000)
  to   space 2816K,   0% used [0x05e90000, 0x05e90000, 0x06150000)
 tenured generation   total 57396K, used 51083K [0x09d50000, 0x0d55d000, 0x14800000)
   the space 57396K,  89% used [0x09d50000, 0x0cf32cf0, 0x0cf32e00, 0x0d55d000)
 Metaspace       used 3289K, capacity 3344K, committed 3392K, reserved 4480K
Event: 5.451 GC heap after
Heap after GC invocations=158 (full 3):
 def new generation   total 25920K, used 1921K [0x04800000, 0x06410000, 0x09d50000)
  eden space 23104K,   0% used [0x04800000, 0x04800000, 0x05e90000)
  from space 2816K,  68% used [0x05e90000, 0x060704b8, 0x06150000)
  to   space 2816K,   0% used [0x06150000, 0x06150000, 0x06410000)
 tenured generation   total 57396K, used 51723K [0x09d50000, 0x0d55d000, 0x14800000)
   the space 57396K,  90% used [0x09d50000, 0x0cfd2c50, 0x0cfd2e00, 0x0d55d000)
 Metaspace       used 3289K, capacity 3344K, committed 3392K, reserved 4480K
}
Event: 5.511 GC heap before
{Heap before GC invocations=158 (full 3):
 def new generation   total 25920K, used 25025K [0x04800000, 0x06410000, 0x09d50000)
  eden space 23104K, 100% used [0x04800000, 0x05e90000, 0x05e90000)
  from space 2816K,  68% used [0x05e90000, 0x060704b8, 0x06150000)
  to   space 2816K,   0% used [0x06150000, 0x06150000, 0x06410000)
 tenured generation   total 57396K, used 51723K [0x09d50000, 0x0d55d000, 0x14800000)
   the space 57396K,  90% used [0x09d50000, 0x0cfd2c50, 0x0cfd2e00, 0x0d55d000)
 Metaspace       used 3289K, capacity 3344K, committed 3392K, reserved 4480K
Event: 5.521 GC heap after
Heap after GC invocations=159 (full 3):
 def new generation   total 25920K, used 1921K [0x04800000, 0x06410000, 0x09d50000)
  eden space 23104K,   0% used [0x04800000, 0x04800000, 0x05e90000)
  from space 2816K,  68% used [0x06150000, 0x063304b8, 0x06410000)
  to   space 2816K,   0% used [0x05e90000, 0x05e90000, 0x06150000)
 tenured generation   total 57396K, used 52362K [0x09d50000, 0x0d55d000, 0x14800000)
   the space 57396K,  91% used [0x09d50000, 0x0d072bb0, 0x0d072c00, 0x0d55d000)
 Metaspace       used 3289K, capacity 3344K, committed 3392K, reserved 4480K
}
Event: 5.581 GC heap before
{Heap before GC invocations=159 (full 3):
 def new generation   total 25920K, used 25025K [0x04800000, 0x06410000, 0x09d50000)
  eden space 23104K, 100% used [0x04800000, 0x05e90000, 0x05e90000)
  from space 2816K,  68% used [0x06150000, 0x063304b8, 0x06410000)
  to   space 2816K,   0% used [0x05e90000, 0x05e90000, 0x06150000)
 tenured generation   total 57396K, used 52362K [0x09d50000, 0x0d55d000, 0x14800000)
   the space 57396K,  91% used [0x09d50000, 0x0d072bb0, 0x0d072c00, 0x0d55d000)
 Metaspace       used 3289K, capacity 3344K, committed 3392K, reserved 4480K
Event: 5.591 GC heap after
Heap after GC invocations=160 (full 3):
 def new generation   total 25920K, used 1919K [0x04800000, 0x06410000, 0x09d50000)
  eden space 23104K,   0% used [0x04800000, 0x04800000, 0x05e90000)
  from space 2816K,  68% used [0x05e90000, 0x0606fdf8, 0x06150000)
  to   space 2816K,   0% used [0x06150000, 0x06150000, 0x06410000)
 tenured generation   total 57396K, used 53002K [0x09d50000, 0x0d55d000, 0x14800000)
   the space 57396K,  92% used [0x09d50000, 0x0d112b10, 0x0d112c00, 0x0d55d000)
 Metaspace       used 3289K, capacity 3344K, committed 3392K, reserved 4480K
}
Event: 5.647 GC heap before
{Heap before GC invocations=160 (full 3):
 def new generation   total 25920K, used 25023K [0x04800000, 0x06410000, 0x09d50000)
  eden space 23104K, 100% used [0x04800000, 0x05e90000, 0x05e90000)
  from space 2816K,  68% used [0x05e90000, 0x0606fdf8, 0x06150000)
  to   space 2816K,   0% used [0x06150000, 0x06150000, 0x06410000)
 tenured generation   total 57396K, used 53002K [0x09d50000, 0x0d55d000, 0x14800000)
   the space 57396K,  92% used [0x09d50000, 0x0d112b10, 0x0d112c00, 0x0d55d000)
 Metaspace       used 3289K, capacity 3344K, committed 3392K, reserved 4480K
Event: 5.658 GC heap after
Heap after GC invocations=161 (full 3):
 def new generation   total 25920K, used 1932K [0x04800000, 0x06410000, 0x09d50000)
  eden space 23104K,   0% used [0x04800000, 0x04800000, 0x05e90000)
  from space 2816K,  68% used [0x06150000, 0x06333358, 0x06410000)
  to   space 2816K,   0% used [0x05e90000, 0x05e90000, 0x06150000)
 tenured generation   total 57396K, used 53642K [0x09d50000, 0x0d55d000, 0x14800000)
   the space 57396K,  93% used [0x09d50000, 0x0d1b2a70, 0x0d1b2c00, 0x0d55d000)
 Metaspace       used 3289K, capacity 3344K, committed 3392K, reserved 4480K
}

Deoptimization events (0 events):
No events

Internal exceptions (6 events):
Event: 0.038 Thread 0x0104c400 Exception <a 'java/lang/NoSuchMethodError': Method sun.misc.Unsafe.defineClass(Ljava/lang/String;[BII)Ljava/lang/Class; name or signature does not match> (0x04806e68) thrown at [C:\re\workspace\8-2-build-windows-i586-cygwin\jdk8u111\7883\hotspot\src\share
Event: 0.038 Thread 0x0104c400 Exception <a 'java/lang/NoSuchMethodError': Method sun.misc.Unsafe.prefetchRead(Ljava/lang/Object;J)V name or signature does not match> (0x04807138) thrown at [C:\re\workspace\8-2-build-windows-i586-cygwin\jdk8u111\7883\hotspot\src\share\vm\prims\jni.cpp,
Event: 0.174 Thread 0x0104c400 Exception <a 'java/security/PrivilegedActionException'> (0x04916128) thrown at [C:\re\workspace\8-2-build-windows-i586-cygwin\jdk8u111\7883\hotspot\src\share\vm\prims\jvm.cpp, line 1386]
Event: 0.174 Thread 0x0104c400 Exception <a 'java/security/PrivilegedActionException'> (0x04916508) thrown at [C:\re\workspace\8-2-build-windows-i586-cygwin\jdk8u111\7883\hotspot\src\share\vm\prims\jvm.cpp, line 1386]
Event: 0.174 Thread 0x0104c400 Exception <a 'java/security/PrivilegedActionException'> (0x0491a520) thrown at [C:\re\workspace\8-2-build-windows-i586-cygwin\jdk8u111\7883\hotspot\src\share\vm\prims\jvm.cpp, line 1386]
Event: 0.174 Thread 0x0104c400 Exception <a 'java/security/PrivilegedActionException'> (0x0491a900) thrown at [C:\re\workspace\8-2-build-windows-i586-cygwin\jdk8u111\7883\hotspot\src\share\vm\prims\jvm.cpp, line 1386]

Events (10 events):
Event: 5.691 loading class ilog/cplex/IloCplex$StringParam
Event: 5.691 loading class ilog/cplex/IloCplex$StringParam done
Event: 5.691 loading class ilog/cplex/IloCplex$Param$Emphasis
Event: 5.691 loading class ilog/cplex/IloCplex$Param$Emphasis done
Event: 5.692 loading class ilog/cplex/IloCplex$BooleanParam
Event: 5.692 loading class ilog/cplex/IloCplex$BooleanParam done
Event: 5.692 loading class ilog/cplex/CplexI$SolveHandle
Event: 5.692 loading class ilog/cplex/CplexI$SolveHandle done
Event: 5.693 loading class ilog/cplex/CplexI$DefaultAsyncHandle
Event: 5.693 loading class ilog/cplex/CplexI$DefaultAsyncHandle done


Dynamic libraries:
0x01320000 - 0x01353000 	C:\Program Files (x86)\Java\jre1.8.0_111\bin\javaw.exe
0x77740000 - 0x778c0000 	C:\Windows\SysWOW64\ntdll.dll
0x75900000 - 0x75a10000 	C:\Windows\syswow64\kernel32.dll
0x75310000 - 0x75357000 	C:\Windows\syswow64\KERNELBASE.dll
0x75550000 - 0x755f1000 	C:\Windows\syswow64\ADVAPI32.dll
0x74f80000 - 0x7502c000 	C:\Windows\syswow64\msvcrt.dll
0x75450000 - 0x75469000 	C:\Windows\SysWOW64\sechost.dll
0x75bb0000 - 0x75ca0000 	C:\Windows\syswow64\RPCRT4.dll
0x74bb0000 - 0x74c10000 	C:\Windows\syswow64\SspiCli.dll
0x74ba0000 - 0x74bac000 	C:\Windows\syswow64\CRYPTBASE.dll
0x74c40000 - 0x74d40000 	C:\Windows\syswow64\USER32.dll
0x75ce0000 - 0x75d70000 	C:\Windows\syswow64\GDI32.dll
0x75a10000 - 0x75a1a000 	C:\Windows\syswow64\LPK.dll
0x754b0000 - 0x7554d000 	C:\Windows\syswow64\USP10.dll
0x729d0000 - 0x72b6e000 	C:\Windows\WinSxS\x86_microsoft.windows.common-controls_6595b64144ccf1df_6.0.7601.18837_none_41e855142bd5705d\COMCTL32.dll
0x75ac0000 - 0x75b17000 	C:\Windows\syswow64\SHLWAPI.dll
0x74df0000 - 0x74e50000 	C:\Windows\system32\IMM32.DLL
0x76bf0000 - 0x76cbd000 	C:\Windows\syswow64\MSCTF.dll
0x6c290000 - 0x6c34f000 	C:\Program Files (x86)\Java\jre1.8.0_111\bin\msvcr100.dll
0x6ca40000 - 0x6ce0d000 	C:\Program Files (x86)\Java\jre1.8.0_111\bin\client\jvm.dll
0x74120000 - 0x74127000 	C:\Windows\system32\WSOCK32.dll
0x75d80000 - 0x75db5000 	C:\Windows\syswow64\WS2_32.dll
0x77710000 - 0x77716000 	C:\Windows\syswow64\NSI.dll
0x75470000 - 0x754a2000 	C:\Windows\syswow64\WINMM.dll
0x74ac0000 - 0x74ac9000 	C:\Windows\system32\VERSION.dll
0x75d70000 - 0x75d75000 	C:\Windows\syswow64\PSAPI.DLL
0x6d7a0000 - 0x6d7ac000 	C:\Program Files (x86)\Java\jre1.8.0_111\bin\verify.dll
0x6d770000 - 0x6d791000 	C:\Program Files (x86)\Java\jre1.8.0_111\bin\java.dll
0x6d5b0000 - 0x6d5c3000 	C:\Program Files (x86)\Java\jre1.8.0_111\bin\zip.dll
0x75e00000 - 0x76a4b000 	C:\Windows\syswow64\SHELL32.dll
0x75750000 - 0x758ac000 	C:\Windows\syswow64\ole32.dll
0x75df0000 - 0x75dfb000 	C:\Windows\syswow64\profapi.dll
0x6d590000 - 0x6d5a6000 	C:\Program Files (x86)\Java\jre1.8.0_111\bin\net.dll
0x72bf0000 - 0x72c2c000 	C:\Windows\system32\mswsock.dll
0x715a0000 - 0x715a6000 	C:\Windows\System32\wship6.dll
0x6d580000 - 0x6d58f000 	C:\Program Files (x86)\Java\jre1.8.0_111\bin\nio.dll
0x5c8d0000 - 0x5d7ce000 	C:\Program Files (x86)\IBM\ILOG\CPLEX_Studio126\cplex\bin\x86_win32\cplex1260remotejni.dll
0x71c00000 - 0x71ceb000 	C:\Windows\system32\dbghelp.dll

VM Arguments:
jvm_args: -Dfile.encoding=GBK 
java_command: Model
java_class_path (initial): D:\JAIMX\CaiNiao\ModelCplex\bin;C:\LIB\cplex.jar
Launcher Type: SUN_STANDARD

Environment Variables:
PATH=C:/Program Files (x86)/Java/jre1.8.0_111/bin/client;C:/Program Files (x86)/Java/jre1.8.0_111/bin;C:/Program Files (x86)/Java/jre1.8.0_111/lib/i386;C:\Program Files (x86)\IBM\ILOG\CPLEX_Studio126\opl\bin\x86_win32;C:\Program Files (x86)\IBM\ILOG\CPLEX_Studio126\opl\oplide\;C:\Program Files (x86)\IBM\ILOG\CPLEX_Studio126\cplex\bin\x86_win32;C:\Program Files (x86)\IBM\ILOG\CPLEX_Studio126\cpoptimizer\bin\x86_win32;C:\ProgramData\Oracle\Java\javapath;C:\Windows\system32;C:\Windows;C:\Windows\System32\Wbem;C:\Windows\System32\WindowsPowerShell\v1.0\;C:\Program Files\TortoiseSVN\bin;C:\Program Files (x86)\Java\jdk1.8.0_66\bin;C:\Program Files\MATLAB\R2017a\bin;D:\CTEX\UserData\miktex\bin;D:\CTEX\MiKTeX\miktex\bin;D:\CTEX\CTeX\ctex\bin;D:\CTEX\CTeX\cct\bin;D:\CTEX\CTeX\ty\bin;D:\CTEX\Ghostscript\gs9.05\bin;D:\CTEX\GSview\gsview;D:\CTEX\WinEdt;C:\Anaconda2;C:\Anaconda2\Scripts;C:\Anaconda2\Library\bin;D:\Microsoft VS Code\bin;C:\Users\DELL\AppData\Local\Pandoc\;C:\eclipse;
USERNAME=DELL
OS=Windows_NT
PROCESSOR_IDENTIFIER=Intel64 Family 6 Model 15 Stepping 11, GenuineIntel



---------------  S Y S T E M  ---------------

OS: Windows 7 , 64 bit Build 7601 (6.1.7601.23677)

CPU:total 4 (4 cores per cpu, 1 threads per core) family 6 model 15 stepping 11, cmov, cx8, fxsr, mmx, sse, sse2, sse3, ssse3, tsc

Memory: 4k page, physical 5140120k(2302324k free), swap 10278380k(6784456k free)

vm_info: Java HotSpot(TM) Client VM (25.111-b14) for windows-x86 JRE (1.8.0_111-b14), built on Sep 22 2016 18:54:33 by "java_re" with MS VC++ 10.0 (VS2010)

time: Fri Jul 14 20:48:51 2017
elapsed time: 3958 seconds (0d 1h 5m 58s)

